Active-HDL 8.3.2120.sp1.14.3884  2021-06-30 16:29:24

Elaboration top modules:
VHDL Configuration            testbench_for_cpu_with_control


----------------------------------------------------------------------------------------------------------------
Entity              | Architecture     | Library | Info | Compiler Version                | Compilation Options
----------------------------------------------------------------------------------------------------------------
cpu_with_control_tb | tb_architecture  | project |      | 8.3.2120.sp1.14.3884  (Windows) | -O3 -2002
cpu_with_control    | cpu_with_control | project |      | 8.3.2120.sp1.14.3884  (Windows) | -O3 -2002
memory              | memory           | project |      | 8.3.2120.sp1.14.3884  (Windows) | -O3 -2002
PC                  | pc               | project |      | 8.3.2120.sp1.14.3884  (Windows) | -O3 -2002
IR                  | ir               | project |      | 8.3.2120.sp1.14.3884  (Windows) | -O3 -2002
ALU                 | alu              | project |      | 8.3.2120.sp1.14.3884  (Windows) | -O3 -2002
REGS                | regs             | project |      | 8.3.2120.sp1.14.3884  (Windows) | -O3 -2002
----------------------------------------------------------------------------------------------------------------

----------------------------------------------------------------------------------------------------------------
VHDL Configuration                     | Library | Info | Compiler Version                | Compilation Options
----------------------------------------------------------------------------------------------------------------
testbench_for_cpu_with_control         | project |      | 8.3.2120.sp1.14.3884  (Windows) | -O3 -2002
----------------------------------------------------------------------------------------------------------------

----------------------------------------------------------------------------------------------------------------
VHDL Package                           | Library | Info | Compiler Version                | Compilation Options
----------------------------------------------------------------------------------------------------------------
standard                               | std     |      |                                 | <unavailable>
TEXTIO                                 | std     |      | 8.3.2120.sp1.14.3884  (Windows) | -2008
std_logic_1164                         | ieee    |      | 8.3.2120.sp1.14.3884  (Windows) | -2008
NUMERIC_STD                            | ieee    |      | 8.3.2120.sp1.14.3884  (Windows) | -2008
std_logic_arith                        | ieee    |      | 8.3.2120.sp1.14.3884  (Windows) | -2002
STD_LOGIC_UNSIGNED                     | ieee    |      | 8.3.2120.sp1.14.3884  (Windows) | -2002
----------------------------------------------------------------------------------------------------------------

----------------------------------------------------------------------------------------------------------------
Library                                | Comment
----------------------------------------------------------------------------------------------------------------
ieee                                   | Standard IEEE packages library
project                                | None
std                                    | Standard VHDL library
----------------------------------------------------------------------------------------------------------------
